08:15:13.440 [main] INFO  org.testng.internal.Utils- [Utils] MethodGroupsHelper.collectMethodsByGroup() took 1 ms.
08:15:13.455 [main] INFO  org.testng.internal.Utils- [Utils] MethodGroupsHelper.sortMethods() took 3 ms.
08:15:13.458 [main] INFO  org.testng.internal.Utils- [Utils] MethodGroupsHelper.collectMethodsByGroup() took 0 ms.
08:15:13.459 [main] INFO  org.testng.internal.Utils- [Utils] MethodGroupsHelper.sortMethods() took 0 ms.
08:15:13.460 [main] INFO  org.testng.internal.Utils- [Utils] MethodGroupsHelper.collectMethodsByGroup() took 0 ms.
08:15:13.461 [main] INFO  org.testng.internal.Utils- [Utils] MethodGroupsHelper.sortMethods() took 0 ms.
08:15:13.462 [main] INFO  org.testng.internal.Utils- [Utils] MethodGroupsHelper.collectMethodsByGroup() took 0 ms.
08:15:13.463 [main] INFO  org.testng.internal.Utils- [Utils] MethodGroupsHelper.sortMethods() took 0 ms.
08:15:13.476 [main] INFO  org.testng.internal.Utils- [Utils] MethodGroupsHelper.collectMethodsByGroup() took 9 ms.
08:15:13.496 [main] INFO  org.testng.internal.Utils- [Utils] MethodGroupsHelper.sortMethods() took 17 ms.
08:15:13.498 [main] INFO  org.testng.internal.Utils- [Utils] MethodGroupsHelper.collectMethodsByGroup() took 0 ms.
08:15:13.499 [main] INFO  org.testng.internal.Utils- [Utils] MethodGroupsHelper.sortMethods() took 0 ms.
08:15:13.501 [main] INFO  org.testng.internal.Utils- [Utils] MethodGroupsHelper.collectMethodsByGroup() took 0 ms.
08:15:13.501 [main] INFO  org.testng.internal.Utils- [Utils] MethodGroupsHelper.sortMethods() took 0 ms.
08:15:13.502 [main] INFO  org.testng.internal.Utils- [Utils] MethodGroupsHelper.collectMethodsByGroup() took 0 ms.
08:15:13.502 [main] INFO  org.testng.internal.Utils- [Utils] MethodGroupsHelper.sortMethods() took 0 ms.
08:15:13.507 [main] INFO  org.testng.internal.Utils- [Utils] MethodGroupsHelper.collectMethodsByGroup() took 0 ms.
08:15:13.507 [main] INFO  org.testng.internal.Utils- [Utils] MethodGroupsHelper.sortMethods() took 0 ms.
08:15:13.508 [main] INFO  org.testng.internal.Utils- [Utils] MethodGroupsHelper.collectMethodsByGroup() took 0 ms.
08:15:13.508 [main] INFO  org.testng.internal.Utils- [Utils] MethodGroupsHelper.sortMethods() took 0 ms.
08:15:13.510 [main] INFO  org.testng.internal.Utils- [Utils] MethodGroupsHelper.collectMethodsByGroup() took 0 ms.
08:15:13.510 [main] INFO  org.testng.internal.Utils- [Utils] MethodGroupsHelper.sortMethods() took 0 ms.
08:15:13.511 [main] INFO  org.testng.internal.Utils- [Utils] MethodGroupsHelper.collectMethodsByGroup() took 0 ms.
08:15:13.511 [main] INFO  org.testng.internal.Utils- [Utils] MethodGroupsHelper.sortMethods() took 0 ms.
08:15:13.512 [main] INFO  org.testng.internal.Utils- [Utils] MethodGroupsHelper.collectMethodsByGroup() took 0 ms.
08:15:13.513 [main] INFO  org.testng.internal.Utils- [Utils] MethodGroupsHelper.sortMethods() took 0 ms.
08:15:13.515 [main] INFO  org.testng.internal.Utils- [Utils] MethodGroupsHelper.collectMethodsByGroup() took 0 ms.
08:15:13.515 [main] INFO  org.testng.internal.Utils- [Utils] MethodGroupsHelper.sortMethods() took 0 ms.
08:15:13.515 [main] INFO  org.testng.internal.Utils- [Utils] MethodGroupsHelper.collectMethodsByGroup() took 0 ms.
08:15:13.516 [main] INFO  org.testng.internal.Utils- [Utils] MethodGroupsHelper.sortMethods() took 0 ms.
08:15:13.528 [main] INFO  org.testng.internal.Utils- [TestNG] Running:
  C:\Users\ASUS\AppData\Local\Temp\testng-eclipse-1314165444\testng-customsuite.xml

08:15:13.558 [main] INFO  org.testng.internal.Utils- [Utils] DynamicGraphHelper.createDynamicGraph() took 7 ms.
08:15:18.163 [main] INFO  testCases.TC01_AccountRegistationTest- *** Staring TC01_AccountRegistationTest ***
08:15:28.238 [main] ERROR testCases.TC01_AccountRegistationTest- The test case is failed....
08:15:31.080 [main] INFO  org.testng.internal.Utils- [TestNG] Time taken by org.testng.reporters.jq.Main@4d4960c8: 137 ms
08:15:31.108 [main] INFO  org.testng.internal.Utils- [TestNG] Time taken by org.testng.reporters.FailedReporter@ddf20fd: 28 ms
08:15:31.127 [main] INFO  org.testng.internal.Utils- [TestNG] Time taken by org.testng.reporters.XMLReporter@5d39f2d8: 19 ms
08:15:31.140 [main] INFO  org.testng.internal.Utils- [TestNG] Time taken by org.testng.reporters.EmailableReporter2@2f879bab: 12 ms
08:15:31.165 [main] INFO  org.testng.internal.Utils- [TestNG] Time taken by org.testng.reporters.JUnitReportReporter@72ed9aad: 25 ms
08:15:31.166 [main] INFO  org.testng.internal.Utils- [TestNG] Time taken by org.testng.internal.ExitCodeListener@4690f583: 0 ms
10:05:15.550 [main] INFO  org.testng.internal.Utils- [TestNG] Running:
  C:\Automation\OpenCartV121\master.xml

10:05:30.709 [main] INFO  testCases.TC01_AccountRegistationTest- *** Staring TC01_AccountRegistationTest ***
10:05:31.045 [main] INFO  testCases.TC01_AccountRegistationTest- Click my Account Link....
10:05:32.011 [main] INFO  testCases.TC01_AccountRegistationTest- Click Register Link.....
10:05:32.080 [main] INFO  testCases.TC01_AccountRegistationTest- Providing customer details....
