07:59:21.699 [main] INFO  org.testng.internal.Utils- [Utils] MethodGroupsHelper.sortMethods() took 2 ms.
07:59:21.719 [main] INFO  org.testng.internal.Utils- [Utils] MethodGroupsHelper.collectMethodsByGroup() took 0 ms.
07:59:21.720 [main] INFO  org.testng.internal.Utils- [Utils] MethodGroupsHelper.sortMethods() took 0 ms.
07:59:21.722 [main] INFO  org.testng.internal.Utils- [Utils] MethodGroupsHelper.collectMethodsByGroup() took 0 ms.
07:59:21.723 [main] INFO  org.testng.internal.Utils- [Utils] MethodGroupsHelper.sortMethods() took 0 ms.
07:59:21.724 [main] INFO  org.testng.internal.Utils- [Utils] MethodGroupsHelper.collectMethodsByGroup() took 0 ms.
07:59:21.724 [main] INFO  org.testng.internal.Utils- [Utils] MethodGroupsHelper.sortMethods() took 0 ms.
07:59:21.737 [main] INFO  org.testng.internal.Utils- [Utils] MethodGroupsHelper.collectMethodsByGroup() took 10 ms.
07:59:21.781 [main] INFO  org.testng.internal.Utils- [Utils] MethodGroupsHelper.sortMethods() took 43 ms.
07:59:21.783 [main] INFO  org.testng.internal.Utils- [Utils] MethodGroupsHelper.collectMethodsByGroup() took 0 ms.
07:59:21.783 [main] INFO  org.testng.internal.Utils- [Utils] MethodGroupsHelper.sortMethods() took 0 ms.
07:59:21.784 [main] INFO  org.testng.internal.Utils- [Utils] MethodGroupsHelper.collectMethodsByGroup() took 0 ms.
07:59:21.784 [main] INFO  org.testng.internal.Utils- [Utils] MethodGroupsHelper.sortMethods() took 0 ms.
07:59:21.785 [main] INFO  org.testng.internal.Utils- [Utils] MethodGroupsHelper.collectMethodsByGroup() took 0 ms.
07:59:21.785 [main] INFO  org.testng.internal.Utils- [Utils] MethodGroupsHelper.sortMethods() took 0 ms.
07:59:21.789 [main] INFO  org.testng.internal.Utils- [Utils] MethodGroupsHelper.collectMethodsByGroup() took 0 ms.
07:59:21.789 [main] INFO  org.testng.internal.Utils- [Utils] MethodGroupsHelper.sortMethods() took 0 ms.
07:59:21.789 [main] INFO  org.testng.internal.Utils- [Utils] MethodGroupsHelper.collectMethodsByGroup() took 0 ms.
07:59:21.790 [main] INFO  org.testng.internal.Utils- [Utils] MethodGroupsHelper.sortMethods() took 0 ms.
07:59:21.791 [main] INFO  org.testng.internal.Utils- [Utils] MethodGroupsHelper.collectMethodsByGroup() took 0 ms.
07:59:21.791 [main] INFO  org.testng.internal.Utils- [Utils] MethodGroupsHelper.sortMethods() took 0 ms.
07:59:21.791 [main] INFO  org.testng.internal.Utils- [Utils] MethodGroupsHelper.collectMethodsByGroup() took 0 ms.
07:59:21.792 [main] INFO  org.testng.internal.Utils- [Utils] MethodGroupsHelper.sortMethods() took 0 ms.
07:59:21.793 [main] INFO  org.testng.internal.Utils- [Utils] MethodGroupsHelper.collectMethodsByGroup() took 0 ms.
07:59:21.794 [main] INFO  org.testng.internal.Utils- [Utils] MethodGroupsHelper.sortMethods() took 0 ms.
07:59:21.798 [main] INFO  org.testng.internal.Utils- [Utils] MethodGroupsHelper.collectMethodsByGroup() took 0 ms.
07:59:21.798 [main] INFO  org.testng.internal.Utils- [Utils] MethodGroupsHelper.sortMethods() took 0 ms.
07:59:21.798 [main] INFO  org.testng.internal.Utils- [Utils] MethodGroupsHelper.collectMethodsByGroup() took 0 ms.
07:59:21.798 [main] INFO  org.testng.internal.Utils- [Utils] MethodGroupsHelper.sortMethods() took 0 ms.
07:59:21.812 [main] INFO  org.testng.internal.Utils- [TestNG] Running:
  C:\Users\ASUS\AppData\Local\Temp\testng-eclipse-1857653071\testng-customsuite.xml

07:59:21.843 [main] INFO  org.testng.internal.Utils- [Utils] DynamicGraphHelper.createDynamicGraph() took 7 ms.
07:59:22.310 [main] INFO  org.testng.internal.Utils- [TestNG] Time taken by org.testng.reporters.jq.Main@435fb7b5: 194 ms
07:59:22.342 [main] INFO  org.testng.internal.Utils- [TestNG] Time taken by org.testng.reporters.FailedReporter@3f07b12c: 32 ms
07:59:22.395 [main] INFO  org.testng.internal.Utils- [TestNG] Time taken by org.testng.reporters.XMLReporter@13f17eb4: 53 ms
07:59:22.427 [main] INFO  org.testng.internal.Utils- [TestNG] Time taken by org.testng.reporters.EmailableReporter2@11981797: 31 ms
07:59:22.441 [main] INFO  org.testng.internal.Utils- [TestNG] Time taken by org.testng.reporters.JUnitReportReporter@55342f40: 14 ms
07:59:22.446 [main] INFO  org.testng.internal.Utils- [TestNG] Time taken by org.testng.internal.ExitCodeListener@a4ca3f6: 0 ms
08:01:55.987 [main] INFO  org.testng.internal.Utils- [TestNG] Running:
  C:\Automation\OpenCartV121\master.xml

08:02:06.568 [main] INFO  testCases.TC02_LoginTest- **** Starting TC02_LoginTest********
08:04:27.159 [main] INFO  org.testng.internal.Utils- [TestNG] Running:
  C:\Automation\OpenCartV121\master.xml

08:04:33.059 [main] INFO  testCases.TC02_LoginTest- **** Starting TC02_LoginTest********
08:05:39.870 [main] INFO  org.testng.internal.Utils- [TestNG] Running:
  C:\Automation\OpenCartV121\master.xml

08:05:46.932 [main] INFO  testCases.TC02_LoginTest- **** Starting TC02_LoginTest********
08:06:51.339 [main] INFO  org.testng.internal.Utils- [TestNG] Running:
  C:\Automation\OpenCartV121\master.xml

08:06:56.301 [main] INFO  testCases.TC02_LoginTest- **** Starting TC02_LoginTest********
